▶ P2 resolve：利未記 第18章 連結計畫產生中…
✔ P2 resolve 完成
▶ M3 entry_content：11 個條目待建（每批 10 個）
  · entry_content 第 1 輪 批次 1/2（10 條目）呼叫模型中…
  · entry_content 第 1 輪 批次 2/2（1 條目）呼叫模型中…
▶ M5 verse_links：程式化標注中…
▶ M6 chapter_content：本章整理呼叫模型中…
▶ P3 render：產生 markdown 中…
▶ P4 validate：結構驗證中…
✅ 完成：寫入 12 檔，新增條目 11
⚠️ 需人工處理：
   - verse_links：候選宣告的 surfaces 未連上任何節（不在經文或被長詞覆蓋）：露骨肉之親的下體

🔧 如何修復（依上方每條錯誤對症處理）：
  • 宣告的 surfaces 沒連上任何節
      → 核對 phrase 是否為本章經文的逐字子字串（全半形、標點）；若該詞已被更長的候選詞覆蓋屬正常，刪去該宣告即可
      → 改完 link_candidates.yaml 直接重跑（會自動作廢 link_plan／verse_links 等下游重生）：python util/run_chapter.py 利未記 18
  修好後，重跑本檢查（及其後續步驟）直到通過才 commit。
結論：FAIL（錯誤本體見上方清單）
❌ 結構驗證未過：
   - chapter_content.yaml: 希伯來字「חֻקּוֹת」在本章來源與經文中查無出處——來源沒給的原文寫法不可寫入（即使拼寫正確），請整段拔除，只保留來源實際出現的形式
   - chapter_content.yaml: 希伯來字「תֶּבֶל」在本章來源與經文中查無出處——來源沒給的原文寫法不可寫入（即使拼寫正確），請整段拔除，只保留來源實際出現的形式
