▶ P2 resolve：利未記 第21章 連結計畫產生中…
✔ P2 resolve 完成
▶ M3 entry_content：4 個條目待建（每批 10 個）
  · entry_content 第 1 輪 批次 1/1（4 條目）呼叫模型中…
▶ M5 verse_links：程式化標注中…
▶ M6 chapter_content：本章整理呼叫模型中…
▶ P3 render：產生 markdown 中…
▶ P4 validate：結構驗證中…
✅ 完成：寫入 5 檔，新增條目 4
⚠️ 需人工處理：
   - verse_links：候選宣告的 surfaces 未連上任何節（不在經文或被長詞覆蓋）：祭司的女兒若行淫辱沒自己，就辱沒了父親，必用火將她焚燒
   - knowledge_nodes：無對應條目，已移除：祭司的聖潔條例、預表基督的完美無瑕、[[出28：36-38|出28：36-38 大祭司額上金牌刻歸耶和華為聖]]、[[民19：11-13|民19：11-13 摸死屍不潔七日]]、[[結44：20-22|結44：20-22 祭司不可剃頭與婚姻條例]]、[[來7：26|來7：26 耶穌為聖潔無邪惡的大祭司]]、古代近東異教喪禮習俗、祭司婚姻的聖潔要求、利21：4「從俗沾染」的解釋爭議

🔧 如何修復（依上方每條錯誤對症處理）：
  • 宣告的 surfaces 沒連上任何節
      → 核對 phrase 是否為本章經文的逐字子字串（全半形、標點）；若該詞已被更長的候選詞覆蓋屬正常，刪去該宣告即可
      → 改完 link_candidates.yaml 直接重跑（會自動作廢 link_plan／verse_links 等下游重生）：python util/run_chapter.py 利未記 21
  • knowledge_nodes 有節點對不上任何條目（已自動移除）
      → 核對 chapter_content.yaml 的節點名：須為條目完整名稱；名稱含逗號必須加引號防 YAML 拆分
      → 確實該連的：修 chapter_content.yaml 後刪 第21章.md 重跑渲染：python util/run_chapter.py 利未記 21；確非條目則忽略
  修好後，重跑本檢查（及其後續步驟）直到通過才 commit。
結論：FAIL（錯誤本體見上方清單）
