▶ M3 entry_content：10 個條目待建（每批 10 個）
  · entry_content 第 1 輪 批次 1/1（10 條目）呼叫模型中…
▶ P3 render：產生 markdown 中…
▶ P4 validate：結構驗證中…
✅ 完成：寫入 11 檔，新增條目 10
⚠️ 需人工處理：
   - entry_content:曠野無人之地：alias「曠野」已屬於條目「曠野」，已自動移除（僅通知，無需動作）
   - entry_content:彈血於施恩座與壇（大祭司一年一度贖罪禮）：alias「灑血」已屬於條目「灑血（zaraq）」，已自動移除（僅通知，無需動作）
   - knowledge_nodes：無對應條目，已移除：代罪羊、大贖罪日儀式、亞倫兩子之死、拈鬮定羊、彈血七次、營外、拈鬮、禁食、大贖罪日制度、利未祭司職分傳承、古代近東替罪羊概念、巴比倫新年儀式、阿撒瀉勒指魔鬼還是基督、兩隻羊的關係、['來9：11-12|來9：11-12 基督進入天上至聖所']、['來10：19-20|來10：19-20 幔子裂開新路']、['來13：11-12|來13：11-12 城外受苦']、['詩103：12|詩103：12 東離西有多遠']、['賽53：6|賽53：6 罪孽歸在祂身上']、['羅3：25|羅3：25 挽回祭']、['出25：17-22|出25：17-22 施恩座造法']、['出30：10|出30：10 香壇贖罪']、['民29：7-11|民29：7-11 贖罪日獻祭']、['利10：1-2|利10：1-2 拿答亞比戶獻凡火']
   - entry_content:阿撒瀉勒（Azazel）歸屬之爭（解經爭議）：定義／主題發展疑似杜撰解經史——「加爾文、拉希、伊本以斯拉、宗教改革、中世紀」在本章四來源與經文查無出處。解經爭議條目只能陳述四來源實際記載的立場，不可自行編造解經史分期或補上來源沒提的學者／教父／改教人物，請逐一核對來源，查無出處者整段拔除。

🔧 如何修復（依上方每條錯誤對症處理）：
  • 未歸類的人工決策點
      → 對照 agent_start_prompt.md 步驟5 與 scheme.md §3 的判斷邊界處理
  • knowledge_nodes 有節點對不上任何條目（已自動移除）
      → 核對 chapter_content.yaml 的節點名：須為條目完整名稱；名稱含逗號必須加引號防 YAML 拆分
      → 確實該連的：修 chapter_content.yaml 後刪 第16章.md 重跑渲染：python util/run_chapter.py 利未記 16；確非條目則忽略
  修好後，重跑本檢查（及其後續步驟）直到通過才 commit。
結論：FAIL（錯誤本體見上方清單）
❌ 結構驗證未過：
   - 刻苦己心（禁食悔改）.yaml: 希伯來字「אֶת־נַפְשֹׁתֵיכֶם」在本章來源與經文中查無出處——來源沒給的原文寫法不可寫入（即使拼寫正確），請整段拔除，只保留來源實際出現的形式
   - 刻苦己心（禁食悔改）.yaml: 希伯來字「עִנִּיתֶם」在本章來源與經文中查無出處——來源沒給的原文寫法不可寫入（即使拼寫正確），請整段拔除，只保留來源實際出現的形式
   - 彈血於施恩座與壇（大祭司一年一度贖罪禮）.yaml: 希伯來字「הִזָּה」在本章來源與經文中查無出處——來源沒給的原文寫法不可寫入（即使拼寫正確），請整段拔除，只保留來源實際出現的形式
   - 拈鬮定羊的歸屬.yaml: 希伯來字「גּוֹרָל」在本章來源與經文中查無出處——來源沒給的原文寫法不可寫入（即使拼寫正確），請整段拔除，只保留來源實際出現的形式
   - 按手認罪（承認罪孽轉移）.yaml: 希伯來字「סָמַךְ」在本章來源與經文中查無出處——來源沒給的原文寫法不可寫入（即使拼寫正確），請整段拔除，只保留來源實際出現的形式
   - 搗細香料遮掩施恩座.yaml: 希伯來字「דַּקָּה」在本章來源與經文中查無出處——來源沒給的原文寫法不可寫入（即使拼寫正確），請整段拔除，只保留來源實際出現的形式
   - 搗細香料遮掩施恩座.yaml: 希伯來字「קְטֹרֶת」在本章來源與經文中查無出處——來源沒給的原文寫法不可寫入（即使拼寫正確），請整段拔除，只保留來源實際出現的形式
   - 曠野無人之地.yaml: 希伯來字「אֶרֶץ」在本章來源與經文中查無出處——來源沒給的原文寫法不可寫入（即使拼寫正確），請整段拔除，只保留來源實際出現的形式
   - 曠野無人之地.yaml: 希伯來字「גְּזֵרָה」在本章來源與經文中查無出處——來源沒給的原文寫法不可寫入（即使拼寫正確），請整段拔除，只保留來源實際出現的形式
   - 曠野無人之地.yaml: 希伯來字「מִדְבָּר」在本章來源與經文中查無出處——來源沒給的原文寫法不可寫入（即使拼寫正確），請整段拔除，只保留來源實際出現的形式
   - 聖安息日（大贖罪日雙重安息）.yaml: 希伯來字「שַׁבַּת」在本章來源與經文中查無出處——來源沒給的原文寫法不可寫入（即使拼寫正確），請整段拔除，只保留來源實際出現的形式
   - 聖安息日（大贖罪日雙重安息）.yaml: 希伯來字「שַׁבָּתוֹן」在本章來源與經文中查無出處——來源沒給的原文寫法不可寫入（即使拼寫正確），請整段拔除，只保留來源實際出現的形式
   - 阿撒瀉勒（Azazel）歸屬之爭.yaml: 希伯來字「עֲזָאזֵל」在本章來源與經文中查無出處——來源沒給的原文寫法不可寫入（即使拼寫正確），請整段拔除，只保留來源實際出現的形式
