▶ M3 entry_content：3 個條目待建（每批 10 個）
  · entry_content 第 1 輪 批次 1/1（3 條目）呼叫模型中…
⟳ 偵測到 entry_content 變動（晚補／編輯條目），已自動作廢下游並將重生：verse_links.yaml、chapter_content.yaml
▶ M5 verse_links：程式化標注中…
▶ M6 chapter_content：本章整理呼叫模型中…
▶ P3 render：產生 markdown 中…
▶ P4 validate：結構驗證中…
✅ 完成：寫入 10 檔，新增條目 9
⚠️ 需人工處理：
   - knowledge_nodes：無對應條目，已移除：[[出20：4-6|出20：4-6 第二誡禁拜偶像]]、[[王下6：28-29|王下6：28-29 撒瑪利亞饑荒易子而食]]、[[耶29：18|耶29：18 刀劍饑荒瘟疫的咒詛]]、[[結5：1-17|結5：1-17 四大災害的審判]]、[[尼1：8-9|尼1：8-9 認罪與歸回的禱告]]、[[約15：5|約15：5 離了主不能結果子]]、[[林後6：16|林後6：16 神在人中間行走]]、埃及地、古代近東條約的祝福與咒詛程式、邱壇與日像的異教祭儀、亞述與巴比倫被擄、羅馬軍隊毀滅耶路撒冷（主後70年）、利未記26章與申命記28章咒詛清單的文學關係
   - 本章整理的行文／表格裡有查無出處的拉丁音譯：Study——M6 常替既有條目補配訓練知識裡的音譯（利6 兩輪實例），請 grep 本章 raw_data 確認；來源沒給就從 chapter_content.yaml 拔除後重跑 render（拼寫變體屬誤報，忽略即可）

🔧 如何修復（依上方每條錯誤對症處理）：
  • knowledge_nodes 有節點對不上任何條目（已自動移除）
      → 核對 chapter_content.yaml 的節點名：須為條目完整名稱；名稱含逗號必須加引號防 YAML 拆分
      → 確實該連的：修 chapter_content.yaml 後刪 第26章.md 重跑渲染：python util/run_chapter.py 利未記 26；確非條目則忽略
  • 本章整理疑有憑訓練知識補配的音譯（來源查無出處）
      → 逐一 grep 本章 raw_data 四來源確認拼寫是否真的出現過；來源沒給就從 chapter_content.yaml 的 organization 拔除該音譯（改用中文原詞），刪 第26章.md 重跑渲染：python util/run_chapter.py 利未記 26
      → 拼寫變體（如 matzah/matsah）屬誤報，確認後忽略即可
  修好後，重跑本檢查（及其後續步驟）直到通過才 commit。
結論：FAIL（錯誤本體見上方清單）
